<?xml version="1.0" encoding="UTF-8"?>
<testng-results ignored="0" total="3" passed="3" failed="0" skipped="0">
  <reporter-output>
  </reporter-output>
  <suite started-at="2022-03-07T15:55:29 ART" name="tests.Tests" finished-at="2022-03-07T15:57:02 ART" duration-ms="92904">
    <groups>
    </groups>
    <test started-at="2022-03-07T15:55:29 ART" name="Command line test" finished-at="2022-03-07T15:57:02 ART" duration-ms="92904">
      <class name="tests.Tests">
        <test-method is-config="true" signature="setUp()[pri:0, instance:tests.Tests@6a472554]" started-at="2022-03-07T15:55:29 ART" name="setUp" finished-at="2022-03-07T15:55:44 ART" duration-ms="15335" status="PASS">
          <reporter-output>
          </reporter-output>
        </test-method> <!-- setUp -->
        <test-method signature="enviarFormularioCompletoCorrecto()[pri:0, instance:tests.Tests@6a472554]" started-at="2022-03-07T15:55:44 ART" name="enviarFormularioCompletoCorrecto" finished-at="2022-03-07T15:55:51 ART" duration-ms="6701" status="PASS">
          <reporter-output>
          </reporter-output>
        </test-method> <!-- enviarFormularioCompletoCorrecto -->
        <test-method is-config="true" signature="tearDown()[pri:0, instance:tests.Tests@6a472554]" started-at="2022-03-07T15:55:51 ART" name="tearDown" finished-at="2022-03-07T15:55:55 ART" duration-ms="4142" status="PASS">
          <reporter-output>
          </reporter-output>
        </test-method> <!-- tearDown -->
        <test-method is-config="true" signature="setUp()[pri:0, instance:tests.Tests@6a472554]" started-at="2022-03-07T15:55:55 ART" name="setUp" finished-at="2022-03-07T15:56:06 ART" duration-ms="10711" status="PASS">
          <reporter-output>
          </reporter-output>
        </test-method> <!-- setUp -->
        <test-method signature="enviarFormularioFaltandoUnCampo()[pri:0, instance:tests.Tests@6a472554]" started-at="2022-03-07T15:56:06 ART" name="enviarFormularioFaltandoUnCampo" finished-at="2022-03-07T15:56:41 ART" duration-ms="34734" status="PASS">
          <reporter-output>
          </reporter-output>
        </test-method> <!-- enviarFormularioFaltandoUnCampo -->
        <test-method is-config="true" signature="tearDown()[pri:0, instance:tests.Tests@6a472554]" started-at="2022-03-07T15:56:41 ART" name="tearDown" finished-at="2022-03-07T15:56:45 ART" duration-ms="4162" status="PASS">
          <reporter-output>
          </reporter-output>
        </test-method> <!-- tearDown -->
        <test-method is-config="true" signature="setUp()[pri:0, instance:tests.Tests@6a472554]" started-at="2022-03-07T15:56:45 ART" name="setUp" finished-at="2022-03-07T15:56:56 ART" duration-ms="11203" status="PASS">
          <reporter-output>
          </reporter-output>
        </test-method> <!-- setUp -->
        <test-method signature="enviarFormularioVacio()[pri:0, instance:tests.Tests@6a472554]" started-at="2022-03-07T15:56:56 ART" name="enviarFormularioVacio" finished-at="2022-03-07T15:57:02 ART" duration-ms="5557" status="PASS">
          <reporter-output>
          </reporter-output>
        </test-method> <!-- enviarFormularioVacio -->
        <test-method is-config="true" signature="tearDown()[pri:0, instance:tests.Tests@6a472554]" started-at="2022-03-07T15:57:02 ART" name="tearDown" finished-at="2022-03-07T15:57:02 ART" duration-ms="308" status="PASS">
          <reporter-output>
          </reporter-output>
        </test-method> <!-- tearDown -->
      </class> <!-- tests.Tests -->
    </test> <!-- Command line test -->
  </suite> <!-- tests.Tests -->
</testng-results>
