<?xml version="1.0" encoding="UTF-8"?>
<!-- Generated by org.testng.reporters.JUnitXMLReporter -->
<testsuite ignored="0" hostname="DESKTOP-V9JD3MI" failures="0" tests="3" name="Command line test" time="78.569" errors="0" timestamp="2022-03-07T14:36:44 ART">
  <testcase classname="tests.Tests" name="enviarFormularioCompletoCorrecto" time="7.622"/>
  <testcase classname="tests.Tests" name="enviarFormularioFaltandoUnCampo" time="30.269"/>
  <testcase classname="tests.Tests" name="enviarFormularioVacio" time="5.605"/>
</testsuite> <!-- Command line test -->
